<?xml version="1.0" encoding="UTF-8" ?>
<testsuite errors="0" failures="0" hostname="MacBook-Pro-Andrey.local" name="Lab3MISPITest" skipped="0" tests="10" time="0.985" timestamp="2023-09-18T07:32:18">
  <properties>
[...]
</properties>
  <testcase classname="Lab3MISPITest" name="testThirdQuarter" time="0.168" />
  <testcase classname="Lab3MISPITest" name="testFourthQuarter" time="0.132" />
  <testcase classname="Lab3MISPITest" name="addPoint" time="0.001" />
  <testcase classname="Lab3MISPITest" name="testAxis" time="0.004" />
  <testcase classname="Lab3MISPITest" name="randomPoint" time="0.011" />
  <testcase classname="Lab3MISPITest" name="testSecondQuarter" time="0.367" />
  <testcase classname="Lab3MISPITest" name="nullPointFields" time="0.0" />
  <testcase classname="Lab3MISPITest" name="testMarkCreating" time="0.001" />
  <testcase classname="Lab3MISPITest" name="getPoints" time="0.0" />
  <testcase classname="Lab3MISPITest" name="testFirstQuarter" time="0.128" />
  <system-out><![CDATA[]]></system-out>
  <system-err><![CDATA[]]></system-err>
</testsuite>
