<?xml version="1.0" encoding="UTF-8" ?>
<testsuite errors="0" failures="0" hostname="MacBook-Pro-Andrey.local" name="Lab3MISPITest" skipped="0" tests="10" time="2.915" timestamp="2023-06-21T11:41:10">
  <properties>
[...]
</properties>
  <testcase classname="Lab3MISPITest" name="testThirdQuarter" time="0.063" />
  <testcase classname="Lab3MISPITest" name="testFourthQuarter" time="0.041" />
  <testcase classname="Lab3MISPITest" name="addPoint" time="0.001" />
  <testcase classname="Lab3MISPITest" name="testAxis" time="0.0" />
  <testcase classname="Lab3MISPITest" name="randomPoint" time="0.002" />
  <testcase classname="Lab3MISPITest" name="testSecondQuarter" time="2.713" />
  <testcase classname="Lab3MISPITest" name="nullPointFields" time="0.001" />
  <testcase classname="Lab3MISPITest" name="testMarkCreating" time="0.0" />
  <testcase classname="Lab3MISPITest" name="getPoints" time="0.0" />
  <testcase classname="Lab3MISPITest" name="testFirstQuarter" time="0.058" />
  <system-out><![CDATA[]]></system-out>
  <system-err><![CDATA[]]></system-err>
</testsuite>
